[0m10:22:27.767443 [debug] [MainThread]: Sending event: {'category': 'dbt', 'action': 'invocation', 'label': 'start', 'context': [<snowplow_tracker.self_describing_json.SelfDescribingJson object at 0x7f017a292900>, <snowplow_tracker.self_describing_json.SelfDescribingJson object at 0x7f0179aa0bc0>, <snowplow_tracker.self_describing_json.SelfDescribingJson object at 0x7f017be22f00>]}


============================== 10:22:27.791259 | 9a4b532f-a46c-49e8-9c09-6915a9a52a66 ==============================
[0m10:22:27.791259 [info ] [MainThread]: Running with dbt=1.9.0
[0m10:22:27.794094 [debug] [MainThread]: running dbt with arguments {'printer_width': '80', 'indirect_selection': 'eager', 'log_cache_events': 'False', 'write_json': 'True', 'partial_parse': 'True', 'cache_selected_only': 'False', 'profiles_dir': '/dbt', 'fail_fast': 'False', 'warn_error': 'None', 'log_path': '/dbt/logs', 'version_check': 'True', 'debug': 'False', 'use_colors': 'True', 'use_experimental_parser': 'False', 'no_print': 'None', 'quiet': 'False', 'empty': 'None', 'log_format': 'default', 'introspect': 'True', 'static_parser': 'True', 'warn_error_options': 'WarnErrorOptions(include=[], exclude=[])', 'target_path': 'None', 'invocation_command': 'dbt debug', 'send_anonymous_usage_stats': 'True'}
[0m10:22:27.841276 [info ] [MainThread]: dbt version: 1.9.0
[0m10:22:27.844535 [info ] [MainThread]: python version: 3.12.4
[0m10:22:27.847581 [info ] [MainThread]: python path: /usr/local/bin/python
[0m10:22:27.849870 [info ] [MainThread]: os info: Linux-5.15.167.4-microsoft-standard-WSL2-x86_64-with-glibc2.31
[0m10:22:27.890945 [info ] [MainThread]: Using profiles dir at /dbt
[0m10:22:27.894201 [info ] [MainThread]: Using profiles.yml file at /dbt/profiles.yml
[0m10:22:27.897683 [info ] [MainThread]: Using dbt_project.yml file at /dbt/dbt_project.yml
[0m10:22:28.136679 [info ] [MainThread]: Configuration:
[0m10:22:28.139254 [info ] [MainThread]:   profiles.yml file [[31mERROR invalid[0m]
[0m10:22:28.142101 [info ] [MainThread]:   dbt_project.yml file [[32mOK found and valid[0m]
[0m10:22:28.144726 [info ] [MainThread]: Required dependencies:
[0m10:22:28.147628 [debug] [MainThread]: Executing "git --help"
[0m10:22:28.191109 [debug] [MainThread]: STDOUT: "b"usage: git [--version] [--help] [-C <path>] [-c <name>=<value>]\n           [--exec-path[=<path>]] [--html-path] [--man-path] [--info-path]\n           [-p | --paginate | -P | --no-pager] [--no-replace-objects] [--bare]\n           [--git-dir=<path>] [--work-tree=<path>] [--namespace=<name>]\n           <command> [<args>]\n\nThese are common Git commands used in various situations:\n\nstart a working area (see also: git help tutorial)\n   clone             Clone a repository into a new directory\n   init              Create an empty Git repository or reinitialize an existing one\n\nwork on the current change (see also: git help everyday)\n   add               Add file contents to the index\n   mv                Move or rename a file, a directory, or a symlink\n   restore           Restore working tree files\n   rm                Remove files from the working tree and from the index\n   sparse-checkout   Initialize and modify the sparse-checkout\n\nexamine the history and state (see also: git help revisions)\n   bisect            Use binary search to find the commit that introduced a bug\n   diff              Show changes between commits, commit and working tree, etc\n   grep              Print lines matching a pattern\n   log               Show commit logs\n   show              Show various types of objects\n   status            Show the working tree status\n\ngrow, mark and tweak your common history\n   branch            List, create, or delete branches\n   commit            Record changes to the repository\n   merge             Join two or more development histories together\n   rebase            Reapply commits on top of another base tip\n   reset             Reset current HEAD to the specified state\n   switch            Switch branches\n   tag               Create, list, delete or verify a tag object signed with GPG\n\ncollaborate (see also: git help workflows)\n   fetch             Download objects and refs from another repository\n   pull              Fetch from and integrate with another repository or a local branch\n   push              Update remote refs along with associated objects\n\n'git help -a' and 'git help -g' list available subcommands and some\nconcept guides. See 'git help <command>' or 'git help <concept>'\nto read about a specific subcommand or concept.\nSee 'git help git' for an overview of the system.\n""
[0m10:22:28.194276 [debug] [MainThread]: STDERR: "b''"
[0m10:22:28.197263 [info ] [MainThread]:  - git [[32mOK found[0m]

[0m10:22:28.200069 [info ] [MainThread]: Connection test skipped since no profile was found
[0m10:22:28.203222 [info ] [MainThread]: [31m1 check failed:[0m
[0m10:22:28.205961 [info ] [MainThread]: Profile loading failed for the following reason:
Runtime Error
  Could not find profile named 'patient_database'


[0m10:22:28.211259 [debug] [MainThread]: Resource report: {"command_name": "debug", "command_success": false, "command_wall_clock_time": 0.7072895, "process_in_blocks": "16", "process_kernel_time": 0.276743, "process_mem_max_rss": "88820", "process_out_blocks": "48", "process_user_time": 3.281384}
[0m10:22:28.214969 [debug] [MainThread]: Command `dbt debug` failed at 10:22:28.214627 after 0.71 seconds
[0m10:22:28.217452 [debug] [MainThread]: Sending event: {'category': 'dbt', 'action': 'invocation', 'label': 'end', 'context': [<snowplow_tracker.self_describing_json.SelfDescribingJson object at 0x7f0179cde930>, <snowplow_tracker.self_describing_json.SelfDescribingJson object at 0x7f01796d3410>, <snowplow_tracker.self_describing_json.SelfDescribingJson object at 0x7f01796d30e0>]}
[0m10:22:28.220212 [debug] [MainThread]: Flushing usage events
[0m10:22:30.148104 [debug] [MainThread]: An error was encountered while trying to flush usage events
[0m10:44:38.951234 [debug] [MainThread]: Sending event: {'category': 'dbt', 'action': 'invocation', 'label': 'start', 'context': [<snowplow_tracker.self_describing_json.SelfDescribingJson object at 0x7f3409723fb0>, <snowplow_tracker.self_describing_json.SelfDescribingJson object at 0x7f3409e797c0>, <snowplow_tracker.self_describing_json.SelfDescribingJson object at 0x7f3409e7ab40>]}


============================== 10:44:39.106170 | d871ac2b-e516-4223-837d-5c82f49700f7 ==============================
[0m10:44:39.106170 [info ] [MainThread]: Running with dbt=1.9.0
[0m10:44:39.135516 [debug] [MainThread]: running dbt with arguments {'printer_width': '80', 'indirect_selection': 'eager', 'log_cache_events': 'False', 'write_json': 'True', 'partial_parse': 'True', 'cache_selected_only': 'False', 'profiles_dir': '/dbt', 'debug': 'False', 'version_check': 'True', 'log_path': '/dbt/logs', 'fail_fast': 'False', 'warn_error': 'None', 'use_colors': 'True', 'use_experimental_parser': 'False', 'no_print': 'None', 'quiet': 'False', 'empty': 'None', 'warn_error_options': 'WarnErrorOptions(include=[], exclude=[])', 'static_parser': 'True', 'invocation_command': 'dbt debug', 'log_format': 'default', 'target_path': 'None', 'introspect': 'True', 'send_anonymous_usage_stats': 'True'}
[0m10:44:39.396797 [info ] [MainThread]: dbt version: 1.9.0
[0m10:44:39.429698 [info ] [MainThread]: python version: 3.12.4
[0m10:44:39.469998 [info ] [MainThread]: python path: /usr/local/bin/python
[0m10:44:39.520110 [info ] [MainThread]: os info: Linux-5.15.167.4-microsoft-standard-WSL2-x86_64-with-glibc2.31
[0m10:44:40.765069 [info ] [MainThread]: Using profiles dir at /dbt
[0m10:44:40.784947 [info ] [MainThread]: Using profiles.yml file at /dbt/profiles.yml
[0m10:44:40.824897 [info ] [MainThread]: Using dbt_project.yml file at /dbt/dbt_project.yml
[0m10:44:40.862942 [info ] [MainThread]: adapter type: postgres
[0m10:44:40.894766 [info ] [MainThread]: adapter version: 1.9.0
[0m10:44:42.082405 [info ] [MainThread]: Configuration:
[0m10:44:42.091151 [info ] [MainThread]:   profiles.yml file [[32mOK found and valid[0m]
[0m10:44:42.100997 [info ] [MainThread]:   dbt_project.yml file [[32mOK found and valid[0m]
[0m10:44:42.116205 [info ] [MainThread]: Required dependencies:
[0m10:44:42.129274 [debug] [MainThread]: Executing "git --help"
[0m10:44:42.233903 [debug] [MainThread]: STDOUT: "b"usage: git [--version] [--help] [-C <path>] [-c <name>=<value>]\n           [--exec-path[=<path>]] [--html-path] [--man-path] [--info-path]\n           [-p | --paginate | -P | --no-pager] [--no-replace-objects] [--bare]\n           [--git-dir=<path>] [--work-tree=<path>] [--namespace=<name>]\n           <command> [<args>]\n\nThese are common Git commands used in various situations:\n\nstart a working area (see also: git help tutorial)\n   clone             Clone a repository into a new directory\n   init              Create an empty Git repository or reinitialize an existing one\n\nwork on the current change (see also: git help everyday)\n   add               Add file contents to the index\n   mv                Move or rename a file, a directory, or a symlink\n   restore           Restore working tree files\n   rm                Remove files from the working tree and from the index\n   sparse-checkout   Initialize and modify the sparse-checkout\n\nexamine the history and state (see also: git help revisions)\n   bisect            Use binary search to find the commit that introduced a bug\n   diff              Show changes between commits, commit and working tree, etc\n   grep              Print lines matching a pattern\n   log               Show commit logs\n   show              Show various types of objects\n   status            Show the working tree status\n\ngrow, mark and tweak your common history\n   branch            List, create, or delete branches\n   commit            Record changes to the repository\n   merge             Join two or more development histories together\n   rebase            Reapply commits on top of another base tip\n   reset             Reset current HEAD to the specified state\n   switch            Switch branches\n   tag               Create, list, delete or verify a tag object signed with GPG\n\ncollaborate (see also: git help workflows)\n   fetch             Download objects and refs from another repository\n   pull              Fetch from and integrate with another repository or a local branch\n   push              Update remote refs along with associated objects\n\n'git help -a' and 'git help -g' list available subcommands and some\nconcept guides. See 'git help <command>' or 'git help <concept>'\nto read about a specific subcommand or concept.\nSee 'git help git' for an overview of the system.\n""
[0m10:44:42.242428 [debug] [MainThread]: STDERR: "b''"
[0m10:44:42.246761 [info ] [MainThread]:  - git [[32mOK found[0m]

[0m10:44:42.253157 [info ] [MainThread]: Connection:
[0m10:44:42.263588 [info ] [MainThread]:   host: postgres
[0m10:44:42.273321 [info ] [MainThread]:   port: 5432
[0m10:44:42.288544 [info ] [MainThread]:   user: Itumeleng
[0m10:44:42.296753 [info ] [MainThread]:   database: patient_database
[0m10:44:42.306796 [info ] [MainThread]:   schema: public
[0m10:44:42.328821 [info ] [MainThread]:   connect_timeout: 10
[0m10:44:42.348254 [info ] [MainThread]:   role: None
[0m10:44:42.356923 [info ] [MainThread]:   search_path: None
[0m10:44:42.373524 [info ] [MainThread]:   keepalives_idle: 0
[0m10:44:42.381436 [info ] [MainThread]:   sslmode: None
[0m10:44:42.392380 [info ] [MainThread]:   sslcert: None
[0m10:44:42.410910 [info ] [MainThread]:   sslkey: None
[0m10:44:42.420806 [info ] [MainThread]:   sslrootcert: None
[0m10:44:42.431247 [info ] [MainThread]:   application_name: dbt
[0m10:44:42.445447 [info ] [MainThread]:   retries: 1
[0m10:44:42.466940 [info ] [MainThread]: Registered adapter: postgres=1.9.0
[0m10:44:43.746861 [debug] [MainThread]: Acquiring new postgres connection 'debug'
[0m10:44:44.472172 [debug] [MainThread]: Using postgres connection "debug"
[0m10:44:44.475671 [debug] [MainThread]: On debug: select 1 as id
[0m10:44:44.479892 [debug] [MainThread]: Opening a new connection, currently in state init
[0m10:44:44.650532 [debug] [MainThread]: SQL status: SELECT 1 in 0.169 seconds
[0m10:44:44.658173 [debug] [MainThread]: On debug: Close
[0m10:44:44.661494 [info ] [MainThread]:   Connection test: [[32mOK connection ok[0m]

[0m10:44:44.666852 [info ] [MainThread]: [32mAll checks passed![0m
[0m10:44:44.691323 [debug] [MainThread]: Resource report: {"command_name": "debug", "command_success": true, "command_wall_clock_time": 6.7201715, "process_in_blocks": "8", "process_kernel_time": 3.96014, "process_mem_max_rss": "101604", "process_out_blocks": "72", "process_user_time": 19.179705}
[0m10:44:44.696726 [debug] [MainThread]: Command `dbt debug` succeeded at 10:44:44.695935 after 6.73 seconds
[0m10:44:44.701307 [debug] [MainThread]: Connection 'debug' was properly closed.
[0m10:44:44.705599 [debug] [MainThread]: Sending event: {'category': 'dbt', 'action': 'invocation', 'label': 'end', 'context': [<snowplow_tracker.self_describing_json.SelfDescribingJson object at 0x7f340a50bbf0>, <snowplow_tracker.self_describing_json.SelfDescribingJson object at 0x7f340af67a10>, <snowplow_tracker.self_describing_json.SelfDescribingJson object at 0x7f340c857740>]}
[0m10:44:44.711508 [debug] [MainThread]: Flushing usage events
[0m10:44:46.318815 [debug] [MainThread]: An error was encountered while trying to flush usage events
