[2025-05-21T09:38:13.734+0000] {manager.py:483} INFO - Processing files using up to 2 processes at a time 
[2025-05-21T09:38:13.739+0000] {manager.py:484} INFO - Process each file at most once every 30 seconds
[2025-05-21T09:38:13.741+0000] {manager.py:485} INFO - Checking for new files in /opt/airflow/dags every 300 seconds
[2025-05-21T09:38:13.745+0000] {manager.py:821} INFO - Searching for files in /opt/airflow/dags
[2025-05-21T09:38:13.766+0000] {manager.py:824} INFO - There are 0 files in /opt/airflow/dags
[2025-05-21T09:43:13.748+0000] {manager.py:821} INFO - Searching for files in /opt/airflow/dags
[2025-05-21T09:43:13.756+0000] {manager.py:824} INFO - There are 0 files in /opt/airflow/dags
[2025-05-21T09:48:14.429+0000] {manager.py:821} INFO - Searching for files in /opt/airflow/dags
[2025-05-21T09:48:14.440+0000] {manager.py:824} INFO - There are 0 files in /opt/airflow/dags
[2025-05-21T09:53:15.239+0000] {manager.py:821} INFO - Searching for files in /opt/airflow/dags
[2025-05-21T09:53:15.254+0000] {manager.py:824} INFO - There are 0 files in /opt/airflow/dags
[2025-05-21T09:58:15.297+0000] {manager.py:821} INFO - Searching for files in /opt/airflow/dags
[2025-05-21T09:58:15.308+0000] {manager.py:824} INFO - There are 0 files in /opt/airflow/dags
[2025-05-21T10:00:25.465+0000] {manager.py:465} INFO - Exiting gracefully upon receiving signal 15
[2025-05-21T10:10:13.015+0000] {manager.py:483} INFO - Processing files using up to 2 processes at a time 
[2025-05-21T10:10:13.021+0000] {manager.py:484} INFO - Process each file at most once every 30 seconds
[2025-05-21T10:10:13.024+0000] {manager.py:485} INFO - Checking for new files in /opt/airflow/dags every 300 seconds
[2025-05-21T10:10:13.029+0000] {manager.py:821} INFO - Searching for files in /opt/airflow/dags
[2025-05-21T10:10:13.054+0000] {manager.py:824} INFO - There are 0 files in /opt/airflow/dags
[2025-05-21T10:15:13.222+0000] {manager.py:821} INFO - Searching for files in /opt/airflow/dags
[2025-05-21T10:15:13.619+0000] {manager.py:824} INFO - There are 0 files in /opt/airflow/dags
[2025-05-21T10:20:13.261+0000] {manager.py:821} INFO - Searching for files in /opt/airflow/dags
[2025-05-21T10:20:13.294+0000] {manager.py:824} INFO - There are 0 files in /opt/airflow/dags
[2025-05-21T10:25:13.364+0000] {manager.py:821} INFO - Searching for files in /opt/airflow/dags
[2025-05-21T10:25:13.457+0000] {manager.py:824} INFO - There are 0 files in /opt/airflow/dags
[2025-05-21T10:30:01.479+0000] {manager.py:465} INFO - Exiting gracefully upon receiving signal 15
[2025-05-21T10:44:34.956+0000] {manager.py:483} INFO - Processing files using up to 2 processes at a time 
[2025-05-21T10:44:34.992+0000] {manager.py:484} INFO - Process each file at most once every 30 seconds
[2025-05-21T10:44:35.014+0000] {manager.py:485} INFO - Checking for new files in /opt/airflow/dags every 300 seconds
[2025-05-21T10:44:35.030+0000] {manager.py:821} INFO - Searching for files in /opt/airflow/dags
[2025-05-21T10:44:35.157+0000] {manager.py:824} INFO - There are 0 files in /opt/airflow/dags
[2025-05-21T10:49:35.596+0000] {manager.py:821} INFO - Searching for files in /opt/airflow/dags
[2025-05-21T10:49:35.662+0000] {manager.py:824} INFO - There are 0 files in /opt/airflow/dags
[2025-05-21T10:54:36.320+0000] {manager.py:821} INFO - Searching for files in /opt/airflow/dags
[2025-05-21T10:54:36.335+0000] {manager.py:824} INFO - There are 0 files in /opt/airflow/dags
[2025-05-21T10:59:36.840+0000] {manager.py:821} INFO - Searching for files in /opt/airflow/dags
[2025-05-21T10:59:36.863+0000] {manager.py:824} INFO - There are 0 files in /opt/airflow/dags
[2025-05-21T11:04:37.444+0000] {manager.py:821} INFO - Searching for files in /opt/airflow/dags
[2025-05-21T11:04:37.464+0000] {manager.py:824} INFO - There are 0 files in /opt/airflow/dags
[2025-05-21T11:09:37.931+0000] {manager.py:821} INFO - Searching for files in /opt/airflow/dags
[2025-05-21T11:09:37.939+0000] {manager.py:824} INFO - There are 0 files in /opt/airflow/dags
[2025-05-21T11:14:38.333+0000] {manager.py:821} INFO - Searching for files in /opt/airflow/dags
[2025-05-21T11:14:38.340+0000] {manager.py:824} INFO - There are 0 files in /opt/airflow/dags
[2025-05-21T11:19:38.651+0000] {manager.py:821} INFO - Searching for files in /opt/airflow/dags
[2025-05-21T11:19:38.659+0000] {manager.py:824} INFO - There are 0 files in /opt/airflow/dags
[2025-05-21T11:24:38.953+0000] {manager.py:821} INFO - Searching for files in /opt/airflow/dags
[2025-05-21T11:24:38.970+0000] {manager.py:824} INFO - There are 0 files in /opt/airflow/dags
[2025-05-21T11:29:39.686+0000] {manager.py:821} INFO - Searching for files in /opt/airflow/dags
[2025-05-21T11:29:39.693+0000] {manager.py:824} INFO - There are 0 files in /opt/airflow/dags
[2025-05-21T11:34:40.407+0000] {manager.py:821} INFO - Searching for files in /opt/airflow/dags
[2025-05-21T11:34:40.414+0000] {manager.py:824} INFO - There are 0 files in /opt/airflow/dags
[2025-05-21T11:39:40.767+0000] {manager.py:821} INFO - Searching for files in /opt/airflow/dags
[2025-05-21T11:39:40.777+0000] {manager.py:824} INFO - There are 0 files in /opt/airflow/dags
[2025-05-21T11:44:41.292+0000] {manager.py:821} INFO - Searching for files in /opt/airflow/dags
[2025-05-21T11:44:41.299+0000] {manager.py:824} INFO - There are 0 files in /opt/airflow/dags
[2025-05-21T11:49:41.499+0000] {manager.py:821} INFO - Searching for files in /opt/airflow/dags
[2025-05-21T11:49:41.506+0000] {manager.py:824} INFO - There are 0 files in /opt/airflow/dags
[2025-05-21T11:54:41.845+0000] {manager.py:821} INFO - Searching for files in /opt/airflow/dags
[2025-05-21T11:54:41.851+0000] {manager.py:824} INFO - There are 0 files in /opt/airflow/dags
[2025-05-21T11:59:42.122+0000] {manager.py:821} INFO - Searching for files in /opt/airflow/dags
[2025-05-21T11:59:42.130+0000] {manager.py:824} INFO - There are 0 files in /opt/airflow/dags
[2025-05-21T12:04:46.013+0000] {manager.py:821} INFO - Searching for files in /opt/airflow/dags
[2025-05-21T12:04:46.020+0000] {manager.py:824} INFO - There are 0 files in /opt/airflow/dags
[2025-05-21T12:09:46.238+0000] {manager.py:821} INFO - Searching for files in /opt/airflow/dags
[2025-05-21T12:09:46.245+0000] {manager.py:824} INFO - There are 0 files in /opt/airflow/dags
[2025-05-21T12:14:46.594+0000] {manager.py:821} INFO - Searching for files in /opt/airflow/dags
[2025-05-21T12:14:46.605+0000] {manager.py:824} INFO - There are 0 files in /opt/airflow/dags
[2025-05-21T12:19:46.670+0000] {manager.py:821} INFO - Searching for files in /opt/airflow/dags
[2025-05-21T12:19:46.678+0000] {manager.py:824} INFO - There are 0 files in /opt/airflow/dags
[2025-05-21T12:24:46.955+0000] {manager.py:821} INFO - Searching for files in /opt/airflow/dags
[2025-05-21T12:24:46.967+0000] {manager.py:824} INFO - There are 0 files in /opt/airflow/dags
[2025-05-21T12:29:47.665+0000] {manager.py:821} INFO - Searching for files in /opt/airflow/dags
[2025-05-21T12:29:47.684+0000] {manager.py:824} INFO - There are 0 files in /opt/airflow/dags
[2025-05-21T12:34:47.856+0000] {manager.py:821} INFO - Searching for files in /opt/airflow/dags
[2025-05-21T12:34:47.872+0000] {manager.py:824} INFO - There are 0 files in /opt/airflow/dags
[2025-05-21T12:39:48.345+0000] {manager.py:821} INFO - Searching for files in /opt/airflow/dags
[2025-05-21T12:39:48.352+0000] {manager.py:824} INFO - There are 0 files in /opt/airflow/dags
[2025-05-21T12:44:48.721+0000] {manager.py:821} INFO - Searching for files in /opt/airflow/dags
[2025-05-21T12:44:48.727+0000] {manager.py:824} INFO - There are 0 files in /opt/airflow/dags
[2025-05-21T12:49:49.718+0000] {manager.py:821} INFO - Searching for files in /opt/airflow/dags
[2025-05-21T12:49:49.726+0000] {manager.py:824} INFO - There are 0 files in /opt/airflow/dags
[2025-05-21T12:54:50.242+0000] {manager.py:821} INFO - Searching for files in /opt/airflow/dags
[2025-05-21T12:54:50.248+0000] {manager.py:824} INFO - There are 0 files in /opt/airflow/dags
[2025-05-21T12:59:50.826+0000] {manager.py:821} INFO - Searching for files in /opt/airflow/dags
[2025-05-21T12:59:50.830+0000] {manager.py:824} INFO - There are 0 files in /opt/airflow/dags
[2025-05-21T13:04:51.240+0000] {manager.py:821} INFO - Searching for files in /opt/airflow/dags
[2025-05-21T13:04:51.247+0000] {manager.py:824} INFO - There are 0 files in /opt/airflow/dags
[2025-05-21T13:09:51.692+0000] {manager.py:821} INFO - Searching for files in /opt/airflow/dags
[2025-05-21T13:09:51.699+0000] {manager.py:824} INFO - There are 0 files in /opt/airflow/dags
[2025-05-21T13:14:52.114+0000] {manager.py:821} INFO - Searching for files in /opt/airflow/dags
[2025-05-21T13:14:52.120+0000] {manager.py:824} INFO - There are 0 files in /opt/airflow/dags
[2025-05-21T13:19:52.604+0000] {manager.py:821} INFO - Searching for files in /opt/airflow/dags
[2025-05-21T13:19:52.611+0000] {manager.py:824} INFO - There are 0 files in /opt/airflow/dags
[2025-05-21T13:24:53.474+0000] {manager.py:821} INFO - Searching for files in /opt/airflow/dags
[2025-05-21T13:24:53.480+0000] {manager.py:824} INFO - There are 0 files in /opt/airflow/dags
[2025-05-21T13:29:53.740+0000] {manager.py:821} INFO - Searching for files in /opt/airflow/dags
[2025-05-21T13:29:53.746+0000] {manager.py:824} INFO - There are 0 files in /opt/airflow/dags
[2025-05-21T13:34:54.527+0000] {manager.py:821} INFO - Searching for files in /opt/airflow/dags
[2025-05-21T13:34:54.543+0000] {manager.py:824} INFO - There are 0 files in /opt/airflow/dags
[2025-05-21T13:39:54.615+0000] {manager.py:821} INFO - Searching for files in /opt/airflow/dags
[2025-05-21T13:39:54.642+0000] {manager.py:824} INFO - There are 0 files in /opt/airflow/dags
[2025-05-21T13:44:55.215+0000] {manager.py:821} INFO - Searching for files in /opt/airflow/dags
[2025-05-21T13:44:55.234+0000] {manager.py:824} INFO - There are 0 files in /opt/airflow/dags
[2025-05-21T13:49:55.626+0000] {manager.py:821} INFO - Searching for files in /opt/airflow/dags
[2025-05-21T13:49:55.641+0000] {manager.py:824} INFO - There are 0 files in /opt/airflow/dags
[2025-05-21T13:52:47.794+0000] {manager.py:465} INFO - Exiting gracefully upon receiving signal 15
